08/30/11, 02:46:33, 4, 0, \\OFFICE-PC\StoresApplication\reports\THCPWSrtf1A.rpt:Server has not yet been opened.
08/30/11, 02:46:33, 4, 0, \\OFFICE-PC\StoresApplication\reports\THCPWSrtf1A.rpt:Server has not yet been opened.
08/30/11, 02:46:33, 4, 0, \\OFFICE-PC\StoresApplication\reports\THCPWSrtf1A.rpt:Server has not yet been opened.
08/30/11, 02:47:32, 4, 0, \\OFFICE-PC\StoresApplication\reports\MChipBundL.rpt:Server has not yet been opened.
08/30/11, 02:47:32, 4, 0, \\OFFICE-PC\StoresApplication\reports\MChipBundL.rpt:Server has not yet been opened.
08/30/11, 02:47:40, 4, 0, \\OFFICE-PC\StoresApplication\reports\MChipBundL.rpt:Server has not yet been opened.
08/30/11, 02:47:40, 4, 0, \\OFFICE-PC\StoresApplication\reports\MChipBundL.rpt:Server has not yet been opened.
08/30/11, 12:24:02, 4, 0, \\OFFICE-PC\StoresApplication\reports\PAWS-90Day.rpt:Server has not yet been opened.
08/30/11, 12:24:02, 4, 0, \\OFFICE-PC\StoresApplication\reports\PAWS-90Day.rpt:Server has not yet been opened.
08/30/11, 12:24:02, 4, 0, \\OFFICE-PC\StoresApplication\reports\PAWS-90Day.rpt:Server has not yet been opened.
08/30/11, 12:26:54, 4, 0, \\OFFICE-PC\StoresApplication\reports\THCPWSrtf1A.rpt:Server has not yet been opened.
08/30/11, 12:26:54, 4, 0, \\OFFICE-PC\StoresApplication\reports\THCPWSrtf1A.rpt:Server has not yet been opened.
08/30/11, 12:26:54, 4, 0, \\OFFICE-PC\StoresApplication\reports\THCPWSrtf1A.rpt:Server has not yet been opened.
08/30/11, 12:27:03, 4, 0, \\OFFICE-PC\StoresApplication\reports\MChipBundL.rpt:Server has not yet been opened.
08/30/11, 12:27:03, 4, 0, \\OFFICE-PC\StoresApplication\reports\MChipBundL.rpt:Server has not yet been opened.
08/30/11, 12:27:38, 4, 0, \\OFFICE-PC\StoresApplication\reports\MChipBundL.rpt:Server has not yet been opened.
08/30/11, 12:27:38, 4, 0, \\OFFICE-PC\StoresApplication\reports\MChipBundL.rpt:Server has not yet been opened.
03/06/12, 02:29:29, 4, 0, \\OFFICE-PC\StoresApplication\reports\THCPWSrtf1A.rpt:Server has not yet been opened.
03/06/12, 02:29:29, 4, 0, \\OFFICE-PC\StoresApplication\reports\THCPWSrtf1A.rpt:Server has not yet been opened.
03/06/12, 02:29:29, 4, 0, \\OFFICE-PC\StoresApplication\reports\THCPWSrtf1A.rpt:Server has not yet been opened.
03/22/12, 00:09:31, 4, 0, \\OFFICE-PC\StoresApplication\reports\THCPWSrtf1A.rpt:Server has not yet been opened.
03/22/12, 00:09:31, 4, 0, \\OFFICE-PC\StoresApplication\reports\THCPWSrtf1A.rpt:Server has not yet been opened.
03/22/12, 00:09:31, 4, 0, \\OFFICE-PC\StoresApplication\reports\THCPWSrtf1A.rpt:Server has not yet been opened.
03/22/12, 00:24:07, 4, 0, \\OFFICE-PC\StoresApplication\reports\THCPWSrtf1A.rpt:Server has not yet been opened.
03/22/12, 00:24:07, 4, 0, \\OFFICE-PC\StoresApplication\reports\THCPWSrtf1A.rpt:Server has not yet been opened.
03/22/12, 00:24:07, 4, 0, \\OFFICE-PC\StoresApplication\reports\THCPWSrtf1A.rpt:Server has not yet been opened.
03/22/12, 00:28:37, 4, 0, \\OFFICE-PC\StoresApplication\reports\MChipBundL.rpt:Server has not yet been opened.
03/22/12, 00:28:37, 4, 0, \\OFFICE-PC\StoresApplication\reports\MChipBundL.rpt:Server has not yet been opened.
03/22/12, 00:28:48, 4, 0, \\OFFICE-PC\StoresApplication\reports\CPWelcome.rpt:Server has not yet been opened.
03/22/12, 00:28:48, 4, 0, \\OFFICE-PC\StoresApplication\reports\CPWelcome.rpt:Server has not yet been opened.
03/22/12, 00:36:02, 4, 0, \\OFFICE-PC\StoresApplication\reports\THCPWSrtf1A.rpt:Server has not yet been opened.
03/22/12, 00:36:03, 4, 0, \\OFFICE-PC\StoresApplication\reports\THCPWSrtf1A.rpt:Server has not yet been opened.
03/22/12, 00:36:03, 4, 0, \\OFFICE-PC\StoresApplication\reports\THCPWSrtf1A.rpt:Server has not yet been opened.
03/22/12, 00:36:22, 4, 0, \\OFFICE-PC\StoresApplication\reports\MChipBundL.rpt:Server has not yet been opened.
03/22/12, 00:36:23, 4, 0, \\OFFICE-PC\StoresApplication\reports\MChipBundL.rpt:Server has not yet been opened.
03/22/12, 00:36:33, 4, 0, \\OFFICE-PC\StoresApplication\reports\CPWelcome.rpt:Server has not yet been opened.
03/22/12, 00:36:33, 4, 0, \\OFFICE-PC\StoresApplication\reports\CPWelcome.rpt:Server has not yet been opened.
03/22/12, 12:48:40, 4, 0, \\OFFICE-PC\StoresApplication\reports\THCPWSrtf1A.rpt:Server has not yet been opened.
03/22/12, 12:48:40, 4, 0, \\OFFICE-PC\StoresApplication\reports\THCPWSrtf1A.rpt:Server has not yet been opened.
03/22/12, 12:48:40, 4, 0, \\OFFICE-PC\StoresApplication\reports\THCPWSrtf1A.rpt:Server has not yet been opened.
03/22/12, 12:55:41, 4, 0, \\OFFICE-PC\StoresApplication\reports\MChipBundL.rpt:Server has not yet been opened.
03/22/12, 12:55:42, 4, 0, \\OFFICE-PC\StoresApplication\reports\MChipBundL.rpt:Server has not yet been opened.
03/22/12, 15:44:49, 4, 0, \\OFFICE-PC\StoresApplication\reports\CPWelcome.rpt:Server has not yet been opened.
03/22/12, 15:44:49, 4, 0, \\OFFICE-PC\StoresApplication\reports\CPWelcome.rpt:Server has not yet been opened.
03/22/12, 21:54:59, 4, 0, \\OFFICE-PC\StoresApplication\reports\THCPWSrtf1A.rpt:Server has not yet been opened.
03/22/12, 21:54:59, 4, 0, \\OFFICE-PC\StoresApplication\reports\THCPWSrtf1A.rpt:Server has not yet been opened.
03/22/12, 21:55:00, 4, 0, \\OFFICE-PC\StoresApplication\reports\THCPWSrtf1A.rpt:Server has not yet been opened.
03/22/12, 21:55:09, 4, 0, \\OFFICE-PC\StoresApplication\reports\MChipBundL.rpt:Server has not yet been opened.
03/22/12, 21:55:09, 4, 0, \\OFFICE-PC\StoresApplication\reports\MChipBundL.rpt:Server has not yet been opened.
03/22/12, 21:55:23, 4, 0, \\OFFICE-PC\StoresApplication\reports\CPWelcome.rpt:Server has not yet been opened.
03/22/12, 21:55:23, 4, 0, \\OFFICE-PC\StoresApplication\reports\CPWelcome.rpt:Server has not yet been opened.
03/22/12, 22:09:01, 4, 0, \\OFFICE-PC\StoresApplication\reports\THCPWSrtf1A.rpt:Server has not yet been opened.
03/22/12, 22:09:01, 4, 0, \\OFFICE-PC\StoresApplication\reports\THCPWSrtf1A.rpt:Server has not yet been opened.
03/22/12, 22:09:01, 4, 0, \\OFFICE-PC\StoresApplication\reports\THCPWSrtf1A.rpt:Server has not yet been opened.
03/22/12, 22:09:13, 4, 0, \\OFFICE-PC\StoresApplication\reports\MChipBundL.rpt:Server has not yet been opened.
03/22/12, 22:09:13, 4, 0, \\OFFICE-PC\StoresApplication\reports\MChipBundL.rpt:Server has not yet been opened.
03/22/12, 22:09:21, 4, 0, \\OFFICE-PC\StoresApplication\reports\CPWelcome.rpt:Server has not yet been opened.
03/22/12, 22:09:21, 4, 0, \\OFFICE-PC\StoresApplication\reports\CPWelcome.rpt:Server has not yet been opened.
03/22/12, 23:19:38, 4, 0, \\OFFICE-PC\StoresApplication\reports\THCPWSrtf1A.rpt:Server has not yet been opened.
03/22/12, 23:19:38, 4, 0, \\OFFICE-PC\StoresApplication\reports\THCPWSrtf1A.rpt:Server has not yet been opened.
03/22/12, 23:19:38, 4, 0, \\OFFICE-PC\StoresApplication\reports\THCPWSrtf1A.rpt:Server has not yet been opened.
03/22/12, 23:19:51, 4, 0, \\OFFICE-PC\StoresApplication\reports\MChipBundL.rpt:Server has not yet been opened.
03/22/12, 23:19:51, 4, 0, \\OFFICE-PC\StoresApplication\reports\MChipBundL.rpt:Server has not yet been opened.
03/22/12, 23:19:58, 4, 0, \\OFFICE-PC\StoresApplication\reports\CPWelcome.rpt:Server has not yet been opened.
03/22/12, 23:19:59, 4, 0, \\OFFICE-PC\StoresApplication\reports\CPWelcome.rpt:Server has not yet been opened.
03/22/12, 23:33:46, 4, 0, \\OFFICE-PC\StoresApplication\reports\THCPWSrtf1A.rpt:Server has not yet been opened.
03/22/12, 23:33:46, 4, 0, \\OFFICE-PC\StoresApplication\reports\THCPWSrtf1A.rpt:Server has not yet been opened.
03/22/12, 23:33:46, 4, 0, \\OFFICE-PC\StoresApplication\reports\THCPWSrtf1A.rpt:Server has not yet been opened.
03/22/12, 23:34:00, 4, 0, \\OFFICE-PC\StoresApplication\reports\MChipBundL.rpt:Server has not yet been opened.
03/22/12, 23:34:00, 4, 0, \\OFFICE-PC\StoresApplication\reports\MChipBundL.rpt:Server has not yet been opened.
03/22/12, 23:34:07, 4, 0, \\OFFICE-PC\StoresApplication\reports\CPWelcome.rpt:Server has not yet been opened.
03/22/12, 23:34:07, 4, 0, \\OFFICE-PC\StoresApplication\reports\CPWelcome.rpt:Server has not yet been opened.
03/22/12, 23:40:48, 4, 0, \\OFFICE-PC\StoresApplication\reports\THCPWSrtf1A.rpt:Server has not yet been opened.
03/22/12, 23:40:48, 4, 0, \\OFFICE-PC\StoresApplication\reports\THCPWSrtf1A.rpt:Server has not yet been opened.
03/22/12, 23:40:48, 4, 0, \\OFFICE-PC\StoresApplication\reports\THCPWSrtf1A.rpt:Server has not yet been opened.
03/22/12, 23:41:03, 4, 0, \\OFFICE-PC\StoresApplication\reports\MChipBundL.rpt:Server has not yet been opened.
03/22/12, 23:41:03, 4, 0, \\OFFICE-PC\StoresApplication\reports\MChipBundL.rpt:Server has not yet been opened.
03/22/12, 23:41:17, 4, 0, \\OFFICE-PC\StoresApplication\reports\CPWelcome.rpt:Server has not yet been opened.
03/22/12, 23:41:17, 4, 0, \\OFFICE-PC\StoresApplication\reports\CPWelcome.rpt:Server has not yet been opened.
02/25/14, 16:40:28, 4, 0, \\OFFICE-PC\StoresApplication\reports\THCPWSrtf1A.rpt:Server has not yet been opened.
02/25/14, 16:40:28, 4, 0, \\OFFICE-PC\StoresApplication\reports\THCPWSrtf1A.rpt:Server has not yet been opened.
02/25/14, 16:40:28, 4, 0, \\OFFICE-PC\StoresApplication\reports\THCPWSrtf1A.rpt:Server has not yet been opened.
02/25/14, 16:40:36, 4, 0, \\OFFICE-PC\StoresApplication\reports\MChipBundL.rpt:Server has not yet been opened.
02/25/14, 16:40:36, 4, 0, \\OFFICE-PC\StoresApplication\reports\MChipBundL.rpt:Server has not yet been opened.
02/25/14, 16:40:56, 4, 0, \\OFFICE-PC\StoresApplication\reports\AKCWelcome.rpt:Server has not yet been opened.
02/25/14, 16:40:56, 4, 0, \\OFFICE-PC\StoresApplication\reports\AKCWelcome.rpt:Server has not yet been opened.
02/25/14, 16:42:48, 4, 0, \\OFFICE-PC\StoresApplication\reports\THCPWSrtf1A.rpt:Server has not yet been opened.
02/25/14, 16:42:48, 4, 0, \\OFFICE-PC\StoresApplication\reports\THCPWSrtf1A.rpt:Server has not yet been opened.
02/25/14, 16:42:48, 4, 0, \\OFFICE-PC\StoresApplication\reports\THCPWSrtf1A.rpt:Server has not yet been opened.
02/25/14, 16:43:00, 4, 0, \\OFFICE-PC\StoresApplication\reports\MChipBundL.rpt:Server has not yet been opened.
02/25/14, 16:43:00, 4, 0, \\OFFICE-PC\StoresApplication\reports\MChipBundL.rpt:Server has not yet been opened.
02/25/14, 16:43:05, 4, 0, \\OFFICE-PC\StoresApplication\reports\AKCWelcome.rpt:Server has not yet been opened.
02/25/14, 16:43:05, 4, 0, \\OFFICE-PC\StoresApplication\reports\AKCWelcome.rpt:Server has not yet been opened.
